State 4 conflicts: 4 shift/reduce
State 10 conflicts: 4 shift/reduce
State 11 conflicts: 4 shift/reduce
State 12 conflicts: 4 shift/reduce
State 13 conflicts: 4 shift/reduce


Grammar

    0 $accept: E $end

    1 E: E '+' E
    2  | E '-' E
    3  | E '*' E
    4  | E '/' E
    5  | '-' E
    6  | NUMBER


Terminals, with rules where they appear

    $end (0) 0
    '*' (42) 3
    '+' (43) 1
    '-' (45) 2 5
    '/' (47) 4
    error (256)
    NUMBER (258) 6


Nonterminals, with rules where they appear

    $accept (8)
        on left: 0
    E (9)
        on left: 1 2 3 4 5 6
        on right: 0 1 2 3 4 5


State 0

    0 $accept: • E $end

    NUMBER  shift, and go to state 1
    '-'     shift, and go to state 2

    E  go to state 3


State 1

    6 E: NUMBER •

    $default  reduce using rule 6 (E)


State 2

    5 E: '-' • E

    NUMBER  shift, and go to state 1
    '-'     shift, and go to state 2

    E  go to state 4


State 3

    0 $accept: E • $end
    1 E: E • '+' E
    2  | E • '-' E
    3  | E • '*' E
    4  | E • '/' E

    $end  shift, and go to state 5
    '+'   shift, and go to state 6
    '-'   shift, and go to state 7
    '*'   shift, and go to state 8
    '/'   shift, and go to state 9


State 4

    1 E: E • '+' E
    2  | E • '-' E
    3  | E • '*' E
    4  | E • '/' E
    5  | '-' E •

    '+'  shift, and go to state 6
    '-'  shift, and go to state 7
    '*'  shift, and go to state 8
    '/'  shift, and go to state 9

    '+'       [reduce using rule 5 (E)]
    '-'       [reduce using rule 5 (E)]
    '*'       [reduce using rule 5 (E)]
    '/'       [reduce using rule 5 (E)]
    $default  reduce using rule 5 (E)


State 5

    0 $accept: E $end •

    $default  accept


State 6

    1 E: E '+' • E

    NUMBER  shift, and go to state 1
    '-'     shift, and go to state 2

    E  go to state 10


State 7

    2 E: E '-' • E

    NUMBER  shift, and go to state 1
    '-'     shift, and go to state 2

    E  go to state 11


State 8

    3 E: E '*' • E

    NUMBER  shift, and go to state 1
    '-'     shift, and go to state 2

    E  go to state 12


State 9

    4 E: E '/' • E

    NUMBER  shift, and go to state 1
    '-'     shift, and go to state 2

    E  go to state 13


State 10

    1 E: E • '+' E
    1  | E '+' E •
    2  | E • '-' E
    3  | E • '*' E
    4  | E • '/' E

    '+'  shift, and go to state 6
    '-'  shift, and go to state 7
    '*'  shift, and go to state 8
    '/'  shift, and go to state 9

    '+'       [reduce using rule 1 (E)]
    '-'       [reduce using rule 1 (E)]
    '*'       [reduce using rule 1 (E)]
    '/'       [reduce using rule 1 (E)]
    $default  reduce using rule 1 (E)


State 11

    1 E: E • '+' E
    2  | E • '-' E
    2  | E '-' E •
    3  | E • '*' E
    4  | E • '/' E

    '+'  shift, and go to state 6
    '-'  shift, and go to state 7
    '*'  shift, and go to state 8
    '/'  shift, and go to state 9

    '+'       [reduce using rule 2 (E)]
    '-'       [reduce using rule 2 (E)]
    '*'       [reduce using rule 2 (E)]
    '/'       [reduce using rule 2 (E)]
    $default  reduce using rule 2 (E)


State 12

    1 E: E • '+' E
    2  | E • '-' E
    3  | E • '*' E
    3  | E '*' E •
    4  | E • '/' E

    '+'  shift, and go to state 6
    '-'  shift, and go to state 7
    '*'  shift, and go to state 8
    '/'  shift, and go to state 9

    '+'       [reduce using rule 3 (E)]
    '-'       [reduce using rule 3 (E)]
    '*'       [reduce using rule 3 (E)]
    '/'       [reduce using rule 3 (E)]
    $default  reduce using rule 3 (E)


State 13

    1 E: E • '+' E
    2  | E • '-' E
    3  | E • '*' E
    4  | E • '/' E
    4  | E '/' E •

    '+'  shift, and go to state 6
    '-'  shift, and go to state 7
    '*'  shift, and go to state 8
    '/'  shift, and go to state 9

    '+'       [reduce using rule 4 (E)]
    '-'       [reduce using rule 4 (E)]
    '*'       [reduce using rule 4 (E)]
    '/'       [reduce using rule 4 (E)]
    $default  reduce using rule 4 (E)
